The target system is: Generic - 1 - 
The host system is: Darwin - 19.6.0 - x86_64
Compiling the C compiler identification source file "CMakeCCompilerId.c" succeeded.
Compiler: /usr/local/gcc_arm/gcc-arm-none-eabi-8-2019-q3-update/bin/arm-none-eabi-gcc 
Build flags: 
Id flags: -c 

The output was:
0


Compilation of the C compiler identification source "CMakeCCompilerId.c" produced "CMakeCCompilerId.o"

The C compiler identification is GNU, found in "/Users/matiasinsauarralde/CLionProjects/final_embebidos_v2/cmake-build-debug/CMakeFiles/3.17.3/CompilerIdC/CMakeCCompilerId.o"

Compiling the CXX compiler identification source file "CMakeCXXCompilerId.cpp" succeeded.
Compiler: /usr/local/gcc_arm/gcc-arm-none-eabi-8-2019-q3-update/bin/arm-none-eabi-g++ 
Build flags: 
Id flags: -c 

The output was:
0


Compilation of the CXX compiler identification source "CMakeCXXCompilerId.cpp" produced "CMakeCXXCompilerId.o"

The CXX compiler identification is GNU, found in "/Users/matiasinsauarralde/CLionProjects/final_embebidos_v2/cmake-build-debug/CMakeFiles/3.17.3/CompilerIdCXX/CMakeCXXCompilerId.o"

Checking whether the ASM compiler is GNU using "--version" matched "(GNU assembler)|(GCC)|(Free Software Foundation)":
arm-none-eabi-gcc (GNU Tools for Arm Embedded Processors 8-2019-q3-update) 8.3.1 20190703 (release) [gcc-8-branch revision 273027]
Copyright (C) 2018 Free Software Foundation, Inc.
This is free software; see the source for copying conditions.  There is NO
warranty; not even for MERCHANTABILITY or FITNESS FOR A PARTICULAR PURPOSE.

Determining if the C compiler works passed with the following output:
Change Dir: /Users/matiasinsauarralde/CLionProjects/final_embebidos_v2/cmake-build-debug/CMakeFiles/CMakeTmp

Run Build Command(s):/usr/bin/make cmTC_80c17/fast && /Applications/Xcode.app/Contents/Developer/usr/bin/make  -f CMakeFiles/cmTC_80c17.dir/build.make CMakeFiles/cmTC_80c17.dir/build
Building C object CMakeFiles/cmTC_80c17.dir/testCCompiler.c.obj
/usr/local/gcc_arm/gcc-arm-none-eabi-8-2019-q3-update/bin/arm-none-eabi-gcc    -o CMakeFiles/cmTC_80c17.dir/testCCompiler.c.obj   -c /Users/matiasinsauarralde/CLionProjects/final_embebidos_v2/cmake-build-debug/CMakeFiles/CMakeTmp/testCCompiler.c
Linking C static library libcmTC_80c17.a
/Applications/CLion.app/Contents/bin/cmake/mac/bin/cmake -P CMakeFiles/cmTC_80c17.dir/cmake_clean_target.cmake
/Applications/CLion.app/Contents/bin/cmake/mac/bin/cmake -E cmake_link_script CMakeFiles/cmTC_80c17.dir/link.txt --verbose=1
arm-none-eabi-ar qc libcmTC_80c17.a  CMakeFiles/cmTC_80c17.dir/testCCompiler.c.obj
/usr/local/gcc_arm/gcc-arm-none-eabi-8-2019-q3-update/bin/arm-none-eabi-ranlib libcmTC_80c17.a



Detecting C compiler ABI info compiled with the following output:
Change Dir: /Users/matiasinsauarralde/CLionProjects/final_embebidos_v2/cmake-build-debug/CMakeFiles/CMakeTmp

Run Build Command(s):/usr/bin/make cmTC_61db8/fast && /Applications/Xcode.app/Contents/Developer/usr/bin/make  -f CMakeFiles/cmTC_61db8.dir/build.make CMakeFiles/cmTC_61db8.dir/build
Building C object CMakeFiles/cmTC_61db8.dir/CMakeCCompilerABI.c.obj
/usr/local/gcc_arm/gcc-arm-none-eabi-8-2019-q3-update/bin/arm-none-eabi-gcc   -v -o CMakeFiles/cmTC_61db8.dir/CMakeCCompilerABI.c.obj   -c /Applications/CLion.app/Contents/bin/cmake/mac/share/cmake-3.17/Modules/CMakeCCompilerABI.c
Using built-in specs.
COLLECT_GCC=/usr/local/gcc_arm/gcc-arm-none-eabi-8-2019-q3-update/bin/arm-none-eabi-gcc
Target: arm-none-eabi
Configured with: /tmp/jenkins-GCC-8-build-toolchain-mac_LSF-72_20190704_1562200948/src/gcc/configure --target=arm-none-eabi --prefix=/tmp/jenkins-GCC-8-build-toolchain-mac_LSF-72_20190704_1562200948/install-native --libexecdir=/tmp/jenkins-GCC-8-build-toolchain-mac_LSF-72_20190704_1562200948/install-native/lib --infodir=/tmp/jenkins-GCC-8-build-toolchain-mac_LSF-72_20190704_1562200948/install-native/share/doc/gcc-arm-none-eabi/info --mandir=/tmp/jenkins-GCC-8-build-toolchain-mac_LSF-72_20190704_1562200948/install-native/share/doc/gcc-arm-none-eabi/man --htmldir=/tmp/jenkins-GCC-8-build-toolchain-mac_LSF-72_20190704_1562200948/install-native/share/doc/gcc-arm-none-eabi/html --pdfdir=/tmp/jenkins-GCC-8-build-toolchain-mac_LSF-72_20190704_1562200948/install-native/share/doc/gcc-arm-none-eabi/pdf --enable-languages=c,c++ --enable-plugins --disable-decimal-float --disable-libffi --disable-libgomp --disable-libmudflap --disable-libquadmath --disable-libssp --disable-libstdcxx-pch --disable-nls --disable-shared --disable-threads --disable-tls --with-gnu-as --with-gnu-ld --with-newlib --with-headers=yes --with-python-dir=share/gcc-arm-none-eabi --with-sysroot=/tmp/jenkins-GCC-8-build-toolchain-mac_LSF-72_20190704_1562200948/install-native/arm-none-eabi --build=x86_64-apple-darwin10 --host=x86_64-apple-darwin10 --with-gmp=/tmp/jenkins-GCC-8-build-toolchain-mac_LSF-72_20190704_1562200948/build-native/host-libs/usr --with-mpfr=/tmp/jenkins-GCC-8-build-toolchain-mac_LSF-72_20190704_1562200948/build-native/host-libs/usr --with-mpc=/tmp/jenkins-GCC-8-build-toolchain-mac_LSF-72_20190704_1562200948/build-native/host-libs/usr --with-isl=/tmp/jenkins-GCC-8-build-toolchain-mac_LSF-72_20190704_1562200948/build-native/host-libs/usr --with-libelf=/tmp/jenkins-GCC-8-build-toolchain-mac_LSF-72_20190704_1562200948/build-native/host-libs/usr --with-host-libstdcxx='-static-libgcc -Wl,-lstdc++ -lm' --with-pkgversion='GNU Tools for Arm Embedded Processors 8-2019-q3-update' --with-multilib-list=rmprofile
Thread model: single
gcc version 8.3.1 20190703 (release) [gcc-8-branch revision 273027] (GNU Tools for Arm Embedded Processors 8-2019-q3-update) 
COLLECT_GCC_OPTIONS='-v' '-o' 'CMakeFiles/cmTC_61db8.dir/CMakeCCompilerABI.c.obj' '-c' '-mcpu=arm7tdmi' '-mfloat-abi=soft' '-marm' '-march=armv4t'
 /usr/local/gcc_arm/gcc-arm-none-eabi-8-2019-q3-update/bin/../lib/gcc/arm-none-eabi/8.3.1/cc1 -quiet -v -iprefix /usr/local/gcc_arm/gcc-arm-none-eabi-8-2019-q3-update/bin/../lib/gcc/arm-none-eabi/8.3.1/ -isysroot /usr/local/gcc_arm/gcc-arm-none-eabi-8-2019-q3-update/bin/../arm-none-eabi -D__USES_INITFINI__ /Applications/CLion.app/Contents/bin/cmake/mac/share/cmake-3.17/Modules/CMakeCCompilerABI.c -quiet -dumpbase CMakeCCompilerABI.c -mcpu=arm7tdmi -mfloat-abi=soft -marm -march=armv4t -auxbase-strip CMakeFiles/cmTC_61db8.dir/CMakeCCompilerABI.c.obj -version -o /var/folders/ps/3pjtlk6d4c3165q_258fym0r0000gn/T//ccRcrcVe.s
GNU C17 (GNU Tools for Arm Embedded Processors 8-2019-q3-update) version 8.3.1 20190703 (release) [gcc-8-branch revision 273027] (arm-none-eabi)
	compiled by GNU C version 4.2.1 Compatible Apple LLVM 9.0.0 (clang-900.0.39.2), GMP version 6.1.0, MPFR version 3.1.4, MPC version 1.0.3, isl version isl-0.18-GMP

GGC heuristics: --param ggc-min-expand=100 --param ggc-min-heapsize=131072
ignoring duplicate directory "/usr/local/gcc_arm/gcc-arm-none-eabi-8-2019-q3-update/bin/../lib/gcc/../../lib/gcc/arm-none-eabi/8.3.1/include"
ignoring nonexistent directory "/usr/local/gcc_arm/gcc-arm-none-eabi-8-2019-q3-update/bin/../arm-none-eabi/usr/local/include"
ignoring duplicate directory "/usr/local/gcc_arm/gcc-arm-none-eabi-8-2019-q3-update/bin/../lib/gcc/../../lib/gcc/arm-none-eabi/8.3.1/include-fixed"
ignoring duplicate directory "/usr/local/gcc_arm/gcc-arm-none-eabi-8-2019-q3-update/bin/../lib/gcc/../../lib/gcc/arm-none-eabi/8.3.1/../../../../arm-none-eabi/include"
ignoring nonexistent directory "/usr/local/gcc_arm/gcc-arm-none-eabi-8-2019-q3-update/bin/../arm-none-eabi/usr/include"
#include "..." search starts here:
#include <...> search starts here:
 /usr/local/gcc_arm/gcc-arm-none-eabi-8-2019-q3-update/bin/../lib/gcc/arm-none-eabi/8.3.1/include
 /usr/local/gcc_arm/gcc-arm-none-eabi-8-2019-q3-update/bin/../lib/gcc/arm-none-eabi/8.3.1/include-fixed
 /usr/local/gcc_arm/gcc-arm-none-eabi-8-2019-q3-update/bin/../lib/gcc/arm-none-eabi/8.3.1/../../../../arm-none-eabi/include
End of search list.
GNU C17 (GNU Tools for Arm Embedded Processors 8-2019-q3-update) version 8.3.1 20190703 (release) [gcc-8-branch revision 273027] (arm-none-eabi)
	compiled by GNU C version 4.2.1 Compatible Apple LLVM 9.0.0 (clang-900.0.39.2), GMP version 6.1.0, MPFR version 3.1.4, MPC version 1.0.3, isl version isl-0.18-GMP

GGC heuristics: --param ggc-min-expand=100 --param ggc-min-heapsize=131072
Compiler executable checksum: ad799d09048718806684803ca675ef2d
COLLECT_GCC_OPTIONS='-v' '-o' 'CMakeFiles/cmTC_61db8.dir/CMakeCCompilerABI.c.obj' '-c' '-mcpu=arm7tdmi' '-mfloat-abi=soft' '-marm' '-march=armv4t'
 /usr/local/gcc_arm/gcc-arm-none-eabi-8-2019-q3-update/bin/../lib/gcc/arm-none-eabi/8.3.1/../../../../arm-none-eabi/bin/as -v -march=armv4t -mfloat-abi=soft -meabi=5 -o CMakeFiles/cmTC_61db8.dir/CMakeCCompilerABI.c.obj /var/folders/ps/3pjtlk6d4c3165q_258fym0r0000gn/T//ccRcrcVe.s
GNU assembler version 2.32.0 (arm-none-eabi) using BFD version (GNU Tools for Arm Embedded Processors 8-2019-q3-update) 2.32.0.20190703
COMPILER_PATH=/usr/local/gcc_arm/gcc-arm-none-eabi-8-2019-q3-update/bin/../lib/gcc/arm-none-eabi/8.3.1/:/usr/local/gcc_arm/gcc-arm-none-eabi-8-2019-q3-update/bin/../lib/gcc/:/usr/local/gcc_arm/gcc-arm-none-eabi-8-2019-q3-update/bin/../lib/gcc/arm-none-eabi/8.3.1/../../../../arm-none-eabi/bin/
LIBRARY_PATH=/usr/local/gcc_arm/gcc-arm-none-eabi-8-2019-q3-update/bin/../lib/gcc/arm-none-eabi/8.3.1/:/usr/local/gcc_arm/gcc-arm-none-eabi-8-2019-q3-update/bin/../lib/gcc/:/usr/local/gcc_arm/gcc-arm-none-eabi-8-2019-q3-update/bin/../lib/gcc/arm-none-eabi/8.3.1/../../../../arm-none-eabi/lib/:/usr/local/gcc_arm/gcc-arm-none-eabi-8-2019-q3-update/bin/../arm-none-eabi/lib/
COLLECT_GCC_OPTIONS='-v' '-o' 'CMakeFiles/cmTC_61db8.dir/CMakeCCompilerABI.c.obj' '-c' '-mcpu=arm7tdmi' '-mfloat-abi=soft' '-marm' '-march=armv4t'
Linking C static library libcmTC_61db8.a
/Applications/CLion.app/Contents/bin/cmake/mac/bin/cmake -P CMakeFiles/cmTC_61db8.dir/cmake_clean_target.cmake
/Applications/CLion.app/Contents/bin/cmake/mac/bin/cmake -E cmake_link_script CMakeFiles/cmTC_61db8.dir/link.txt --verbose=1
arm-none-eabi-ar qc libcmTC_61db8.a  CMakeFiles/cmTC_61db8.dir/CMakeCCompilerABI.c.obj
/usr/local/gcc_arm/gcc-arm-none-eabi-8-2019-q3-update/bin/arm-none-eabi-ranlib libcmTC_61db8.a



Parsed C implicit include dir info from above output: rv=done
  found start of include info
  found start of implicit include info
    add: [/usr/local/gcc_arm/gcc-arm-none-eabi-8-2019-q3-update/bin/../lib/gcc/arm-none-eabi/8.3.1/include]
    add: [/usr/local/gcc_arm/gcc-arm-none-eabi-8-2019-q3-update/bin/../lib/gcc/arm-none-eabi/8.3.1/include-fixed]
    add: [/usr/local/gcc_arm/gcc-arm-none-eabi-8-2019-q3-update/bin/../lib/gcc/arm-none-eabi/8.3.1/../../../../arm-none-eabi/include]
  end of search list found
  collapse include dir [/usr/local/gcc_arm/gcc-arm-none-eabi-8-2019-q3-update/bin/../lib/gcc/arm-none-eabi/8.3.1/include] ==> [/usr/local/gcc_arm/gcc-arm-none-eabi-8-2019-q3-update/lib/gcc/arm-none-eabi/8.3.1/include]
  collapse include dir [/usr/local/gcc_arm/gcc-arm-none-eabi-8-2019-q3-update/bin/../lib/gcc/arm-none-eabi/8.3.1/include-fixed] ==> [/usr/local/gcc_arm/gcc-arm-none-eabi-8-2019-q3-update/lib/gcc/arm-none-eabi/8.3.1/include-fixed]
  collapse include dir [/usr/local/gcc_arm/gcc-arm-none-eabi-8-2019-q3-update/bin/../lib/gcc/arm-none-eabi/8.3.1/../../../../arm-none-eabi/include] ==> [/usr/local/gcc_arm/gcc-arm-none-eabi-8-2019-q3-update/arm-none-eabi/include]
  implicit include dirs: [/usr/local/gcc_arm/gcc-arm-none-eabi-8-2019-q3-update/lib/gcc/arm-none-eabi/8.3.1/include;/usr/local/gcc_arm/gcc-arm-none-eabi-8-2019-q3-update/lib/gcc/arm-none-eabi/8.3.1/include-fixed;/usr/local/gcc_arm/gcc-arm-none-eabi-8-2019-q3-update/arm-none-eabi/include]


Parsed C implicit link information from above output:
  link line regex: [^( *|.*[/\])(arm-none-eabi-ld|CMAKE_LINK_STARTFILE-NOTFOUND|([^/\]+-)?ld|collect2)[^/\]*( |$)]
  ignore line: [Change Dir: /Users/matiasinsauarralde/CLionProjects/final_embebidos_v2/cmake-build-debug/CMakeFiles/CMakeTmp]
  ignore line: []
  ignore line: [Run Build Command(s):/usr/bin/make cmTC_61db8/fast && /Applications/Xcode.app/Contents/Developer/usr/bin/make  -f CMakeFiles/cmTC_61db8.dir/build.make CMakeFiles/cmTC_61db8.dir/build]
  ignore line: [Building C object CMakeFiles/cmTC_61db8.dir/CMakeCCompilerABI.c.obj]
  ignore line: [/usr/local/gcc_arm/gcc-arm-none-eabi-8-2019-q3-update/bin/arm-none-eabi-gcc   -v -o CMakeFiles/cmTC_61db8.dir/CMakeCCompilerABI.c.obj   -c /Applications/CLion.app/Contents/bin/cmake/mac/share/cmake-3.17/Modules/CMakeCCompilerABI.c]
  ignore line: [Using built-in specs.]
  ignore line: [COLLECT_GCC=/usr/local/gcc_arm/gcc-arm-none-eabi-8-2019-q3-update/bin/arm-none-eabi-gcc]
  ignore line: [Target: arm-none-eabi]
  ignore line: [Configured with: /tmp/jenkins-GCC-8-build-toolchain-mac_LSF-72_20190704_1562200948/src/gcc/configure --target=arm-none-eabi --prefix=/tmp/jenkins-GCC-8-build-toolchain-mac_LSF-72_20190704_1562200948/install-native --libexecdir=/tmp/jenkins-GCC-8-build-toolchain-mac_LSF-72_20190704_1562200948/install-native/lib --infodir=/tmp/jenkins-GCC-8-build-toolchain-mac_LSF-72_20190704_1562200948/install-native/share/doc/gcc-arm-none-eabi/info --mandir=/tmp/jenkins-GCC-8-build-toolchain-mac_LSF-72_20190704_1562200948/install-native/share/doc/gcc-arm-none-eabi/man --htmldir=/tmp/jenkins-GCC-8-build-toolchain-mac_LSF-72_20190704_1562200948/install-native/share/doc/gcc-arm-none-eabi/html --pdfdir=/tmp/jenkins-GCC-8-build-toolchain-mac_LSF-72_20190704_1562200948/install-native/share/doc/gcc-arm-none-eabi/pdf --enable-languages=c,c++ --enable-plugins --disable-decimal-float --disable-libffi --disable-libgomp --disable-libmudflap --disable-libquadmath --disable-libssp --disable-libstdcxx-pch --disable-nls --disable-shared --disable-threads --disable-tls --with-gnu-as --with-gnu-ld --with-newlib --with-headers=yes --with-python-dir=share/gcc-arm-none-eabi --with-sysroot=/tmp/jenkins-GCC-8-build-toolchain-mac_LSF-72_20190704_1562200948/install-native/arm-none-eabi --build=x86_64-apple-darwin10 --host=x86_64-apple-darwin10 --with-gmp=/tmp/jenkins-GCC-8-build-toolchain-mac_LSF-72_20190704_1562200948/build-native/host-libs/usr --with-mpfr=/tmp/jenkins-GCC-8-build-toolchain-mac_LSF-72_20190704_1562200948/build-native/host-libs/usr --with-mpc=/tmp/jenkins-GCC-8-build-toolchain-mac_LSF-72_20190704_1562200948/build-native/host-libs/usr --with-isl=/tmp/jenkins-GCC-8-build-toolchain-mac_LSF-72_20190704_1562200948/build-native/host-libs/usr --with-libelf=/tmp/jenkins-GCC-8-build-toolchain-mac_LSF-72_20190704_1562200948/build-native/host-libs/usr --with-host-libstdcxx='-static-libgcc -Wl,-lstdc++ -lm' --with-pkgversion='GNU Tools for Arm Embedded Processors 8-2019-q3-update' --with-multilib-list=rmprofile]
  ignore line: [Thread model: single]
  ignore line: [gcc version 8.3.1 20190703 (release) [gcc-8-branch revision 273027] (GNU Tools for Arm Embedded Processors 8-2019-q3-update) ]
  ignore line: [COLLECT_GCC_OPTIONS='-v' '-o' 'CMakeFiles/cmTC_61db8.dir/CMakeCCompilerABI.c.obj' '-c' '-mcpu=arm7tdmi' '-mfloat-abi=soft' '-marm' '-march=armv4t']
  ignore line: [ /usr/local/gcc_arm/gcc-arm-none-eabi-8-2019-q3-update/bin/../lib/gcc/arm-none-eabi/8.3.1/cc1 -quiet -v -iprefix /usr/local/gcc_arm/gcc-arm-none-eabi-8-2019-q3-update/bin/../lib/gcc/arm-none-eabi/8.3.1/ -isysroot /usr/local/gcc_arm/gcc-arm-none-eabi-8-2019-q3-update/bin/../arm-none-eabi -D__USES_INITFINI__ /Applications/CLion.app/Contents/bin/cmake/mac/share/cmake-3.17/Modules/CMakeCCompilerABI.c -quiet -dumpbase CMakeCCompilerABI.c -mcpu=arm7tdmi -mfloat-abi=soft -marm -march=armv4t -auxbase-strip CMakeFiles/cmTC_61db8.dir/CMakeCCompilerABI.c.obj -version -o /var/folders/ps/3pjtlk6d4c3165q_258fym0r0000gn/T//ccRcrcVe.s]
  ignore line: [GNU C17 (GNU Tools for Arm Embedded Processors 8-2019-q3-update) version 8.3.1 20190703 (release) [gcc-8-branch revision 273027] (arm-none-eabi)]
  ignore line: [	compiled by GNU C version 4.2.1 Compatible Apple LLVM 9.0.0 (clang-900.0.39.2)  GMP version 6.1.0  MPFR version 3.1.4  MPC version 1.0.3  isl version isl-0.18-GMP]
  ignore line: []
  ignore line: [GGC heuristics: --param ggc-min-expand=100 --param ggc-min-heapsize=131072]
  ignore line: [ignoring duplicate directory "/usr/local/gcc_arm/gcc-arm-none-eabi-8-2019-q3-update/bin/../lib/gcc/../../lib/gcc/arm-none-eabi/8.3.1/include"]
  ignore line: [ignoring nonexistent directory "/usr/local/gcc_arm/gcc-arm-none-eabi-8-2019-q3-update/bin/../arm-none-eabi/usr/local/include"]
  ignore line: [ignoring duplicate directory "/usr/local/gcc_arm/gcc-arm-none-eabi-8-2019-q3-update/bin/../lib/gcc/../../lib/gcc/arm-none-eabi/8.3.1/include-fixed"]
  ignore line: [ignoring duplicate directory "/usr/local/gcc_arm/gcc-arm-none-eabi-8-2019-q3-update/bin/../lib/gcc/../../lib/gcc/arm-none-eabi/8.3.1/../../../../arm-none-eabi/include"]
  ignore line: [ignoring nonexistent directory "/usr/local/gcc_arm/gcc-arm-none-eabi-8-2019-q3-update/bin/../arm-none-eabi/usr/include"]
  ignore line: [#include "..." search starts here:]
  ignore line: [#include <...> search starts here:]
  ignore line: [ /usr/local/gcc_arm/gcc-arm-none-eabi-8-2019-q3-update/bin/../lib/gcc/arm-none-eabi/8.3.1/include]
  ignore line: [ /usr/local/gcc_arm/gcc-arm-none-eabi-8-2019-q3-update/bin/../lib/gcc/arm-none-eabi/8.3.1/include-fixed]
  ignore line: [ /usr/local/gcc_arm/gcc-arm-none-eabi-8-2019-q3-update/bin/../lib/gcc/arm-none-eabi/8.3.1/../../../../arm-none-eabi/include]
  ignore line: [End of search list.]
  ignore line: [GNU C17 (GNU Tools for Arm Embedded Processors 8-2019-q3-update) version 8.3.1 20190703 (release) [gcc-8-branch revision 273027] (arm-none-eabi)]
  ignore line: [	compiled by GNU C version 4.2.1 Compatible Apple LLVM 9.0.0 (clang-900.0.39.2)  GMP version 6.1.0  MPFR version 3.1.4  MPC version 1.0.3  isl version isl-0.18-GMP]
  ignore line: []
  ignore line: [GGC heuristics: --param ggc-min-expand=100 --param ggc-min-heapsize=131072]
  ignore line: [Compiler executable checksum: ad799d09048718806684803ca675ef2d]
  ignore line: [COLLECT_GCC_OPTIONS='-v' '-o' 'CMakeFiles/cmTC_61db8.dir/CMakeCCompilerABI.c.obj' '-c' '-mcpu=arm7tdmi' '-mfloat-abi=soft' '-marm' '-march=armv4t']
  ignore line: [ /usr/local/gcc_arm/gcc-arm-none-eabi-8-2019-q3-update/bin/../lib/gcc/arm-none-eabi/8.3.1/../../../../arm-none-eabi/bin/as -v -march=armv4t -mfloat-abi=soft -meabi=5 -o CMakeFiles/cmTC_61db8.dir/CMakeCCompilerABI.c.obj /var/folders/ps/3pjtlk6d4c3165q_258fym0r0000gn/T//ccRcrcVe.s]
  ignore line: [GNU assembler version 2.32.0 (arm-none-eabi) using BFD version (GNU Tools for Arm Embedded Processors 8-2019-q3-update) 2.32.0.20190703]
  ignore line: [COMPILER_PATH=/usr/local/gcc_arm/gcc-arm-none-eabi-8-2019-q3-update/bin/../lib/gcc/arm-none-eabi/8.3.1/:/usr/local/gcc_arm/gcc-arm-none-eabi-8-2019-q3-update/bin/../lib/gcc/:/usr/local/gcc_arm/gcc-arm-none-eabi-8-2019-q3-update/bin/../lib/gcc/arm-none-eabi/8.3.1/../../../../arm-none-eabi/bin/]
  ignore line: [LIBRARY_PATH=/usr/local/gcc_arm/gcc-arm-none-eabi-8-2019-q3-update/bin/../lib/gcc/arm-none-eabi/8.3.1/:/usr/local/gcc_arm/gcc-arm-none-eabi-8-2019-q3-update/bin/../lib/gcc/:/usr/local/gcc_arm/gcc-arm-none-eabi-8-2019-q3-update/bin/../lib/gcc/arm-none-eabi/8.3.1/../../../../arm-none-eabi/lib/:/usr/local/gcc_arm/gcc-arm-none-eabi-8-2019-q3-update/bin/../arm-none-eabi/lib/]
  ignore line: [COLLECT_GCC_OPTIONS='-v' '-o' 'CMakeFiles/cmTC_61db8.dir/CMakeCCompilerABI.c.obj' '-c' '-mcpu=arm7tdmi' '-mfloat-abi=soft' '-marm' '-march=armv4t']
  ignore line: [Linking C static library libcmTC_61db8.a]
  ignore line: [/Applications/CLion.app/Contents/bin/cmake/mac/bin/cmake -P CMakeFiles/cmTC_61db8.dir/cmake_clean_target.cmake]
  ignore line: [/Applications/CLion.app/Contents/bin/cmake/mac/bin/cmake -E cmake_link_script CMakeFiles/cmTC_61db8.dir/link.txt --verbose=1]
  ignore line: [arm-none-eabi-ar qc libcmTC_61db8.a  CMakeFiles/cmTC_61db8.dir/CMakeCCompilerABI.c.obj]
  ignore line: [/usr/local/gcc_arm/gcc-arm-none-eabi-8-2019-q3-update/bin/arm-none-eabi-ranlib libcmTC_61db8.a]
  ignore line: []
  ignore line: []
  implicit libs: []
  implicit dirs: []
  implicit fwks: []


Determining if the CXX compiler works passed with the following output:
Change Dir: /Users/matiasinsauarralde/CLionProjects/final_embebidos_v2/cmake-build-debug/CMakeFiles/CMakeTmp

Run Build Command(s):/usr/bin/make cmTC_98a7a/fast && /Applications/Xcode.app/Contents/Developer/usr/bin/make  -f CMakeFiles/cmTC_98a7a.dir/build.make CMakeFiles/cmTC_98a7a.dir/build
Building CXX object CMakeFiles/cmTC_98a7a.dir/testCXXCompiler.cxx.obj
/usr/local/gcc_arm/gcc-arm-none-eabi-8-2019-q3-update/bin/arm-none-eabi-g++     -o CMakeFiles/cmTC_98a7a.dir/testCXXCompiler.cxx.obj -c /Users/matiasinsauarralde/CLionProjects/final_embebidos_v2/cmake-build-debug/CMakeFiles/CMakeTmp/testCXXCompiler.cxx
Linking CXX static library libcmTC_98a7a.a
/Applications/CLion.app/Contents/bin/cmake/mac/bin/cmake -P CMakeFiles/cmTC_98a7a.dir/cmake_clean_target.cmake
/Applications/CLion.app/Contents/bin/cmake/mac/bin/cmake -E cmake_link_script CMakeFiles/cmTC_98a7a.dir/link.txt --verbose=1
arm-none-eabi-ar qc libcmTC_98a7a.a  CMakeFiles/cmTC_98a7a.dir/testCXXCompiler.cxx.obj
/usr/local/gcc_arm/gcc-arm-none-eabi-8-2019-q3-update/bin/arm-none-eabi-ranlib libcmTC_98a7a.a



Detecting CXX compiler ABI info compiled with the following output:
Change Dir: /Users/matiasinsauarralde/CLionProjects/final_embebidos_v2/cmake-build-debug/CMakeFiles/CMakeTmp

Run Build Command(s):/usr/bin/make cmTC_1de05/fast && /Applications/Xcode.app/Contents/Developer/usr/bin/make  -f CMakeFiles/cmTC_1de05.dir/build.make CMakeFiles/cmTC_1de05.dir/build
Building CXX object CMakeFiles/cmTC_1de05.dir/CMakeCXXCompilerABI.cpp.obj
/usr/local/gcc_arm/gcc-arm-none-eabi-8-2019-q3-update/bin/arm-none-eabi-g++    -v -o CMakeFiles/cmTC_1de05.dir/CMakeCXXCompilerABI.cpp.obj -c /Applications/CLion.app/Contents/bin/cmake/mac/share/cmake-3.17/Modules/CMakeCXXCompilerABI.cpp
Using built-in specs.
COLLECT_GCC=/usr/local/gcc_arm/gcc-arm-none-eabi-8-2019-q3-update/bin/arm-none-eabi-g++
Target: arm-none-eabi
Configured with: /tmp/jenkins-GCC-8-build-toolchain-mac_LSF-72_20190704_1562200948/src/gcc/configure --target=arm-none-eabi --prefix=/tmp/jenkins-GCC-8-build-toolchain-mac_LSF-72_20190704_1562200948/install-native --libexecdir=/tmp/jenkins-GCC-8-build-toolchain-mac_LSF-72_20190704_1562200948/install-native/lib --infodir=/tmp/jenkins-GCC-8-build-toolchain-mac_LSF-72_20190704_1562200948/install-native/share/doc/gcc-arm-none-eabi/info --mandir=/tmp/jenkins-GCC-8-build-toolchain-mac_LSF-72_20190704_1562200948/install-native/share/doc/gcc-arm-none-eabi/man --htmldir=/tmp/jenkins-GCC-8-build-toolchain-mac_LSF-72_20190704_1562200948/install-native/share/doc/gcc-arm-none-eabi/html --pdfdir=/tmp/jenkins-GCC-8-build-toolchain-mac_LSF-72_20190704_1562200948/install-native/share/doc/gcc-arm-none-eabi/pdf --enable-languages=c,c++ --enable-plugins --disable-decimal-float --disable-libffi --disable-libgomp --disable-libmudflap --disable-libquadmath --disable-libssp --disable-libstdcxx-pch --disable-nls --disable-shared --disable-threads --disable-tls --with-gnu-as --with-gnu-ld --with-newlib --with-headers=yes --with-python-dir=share/gcc-arm-none-eabi --with-sysroot=/tmp/jenkins-GCC-8-build-toolchain-mac_LSF-72_20190704_1562200948/install-native/arm-none-eabi --build=x86_64-apple-darwin10 --host=x86_64-apple-darwin10 --with-gmp=/tmp/jenkins-GCC-8-build-toolchain-mac_LSF-72_20190704_1562200948/build-native/host-libs/usr --with-mpfr=/tmp/jenkins-GCC-8-build-toolchain-mac_LSF-72_20190704_1562200948/build-native/host-libs/usr --with-mpc=/tmp/jenkins-GCC-8-build-toolchain-mac_LSF-72_20190704_1562200948/build-native/host-libs/usr --with-isl=/tmp/jenkins-GCC-8-build-toolchain-mac_LSF-72_20190704_1562200948/build-native/host-libs/usr --with-libelf=/tmp/jenkins-GCC-8-build-toolchain-mac_LSF-72_20190704_1562200948/build-native/host-libs/usr --with-host-libstdcxx='-static-libgcc -Wl,-lstdc++ -lm' --with-pkgversion='GNU Tools for Arm Embedded Processors 8-2019-q3-update' --with-multilib-list=rmprofile
Thread model: single
gcc version 8.3.1 20190703 (release) [gcc-8-branch revision 273027] (GNU Tools for Arm Embedded Processors 8-2019-q3-update) 
COLLECT_GCC_OPTIONS='-v' '-o' 'CMakeFiles/cmTC_1de05.dir/CMakeCXXCompilerABI.cpp.obj' '-c' '-mcpu=arm7tdmi' '-mfloat-abi=soft' '-marm' '-march=armv4t'
 /usr/local/gcc_arm/gcc-arm-none-eabi-8-2019-q3-update/bin/../lib/gcc/arm-none-eabi/8.3.1/cc1plus -quiet -v -iprefix /usr/local/gcc_arm/gcc-arm-none-eabi-8-2019-q3-update/bin/../lib/gcc/arm-none-eabi/8.3.1/ -isysroot /usr/local/gcc_arm/gcc-arm-none-eabi-8-2019-q3-update/bin/../arm-none-eabi -D__USES_INITFINI__ /Applications/CLion.app/Contents/bin/cmake/mac/share/cmake-3.17/Modules/CMakeCXXCompilerABI.cpp -quiet -dumpbase CMakeCXXCompilerABI.cpp -mcpu=arm7tdmi -mfloat-abi=soft -marm -march=armv4t -auxbase-strip CMakeFiles/cmTC_1de05.dir/CMakeCXXCompilerABI.cpp.obj -version -o /var/folders/ps/3pjtlk6d4c3165q_258fym0r0000gn/T//ccEEmQIo.s
GNU C++14 (GNU Tools for Arm Embedded Processors 8-2019-q3-update) version 8.3.1 20190703 (release) [gcc-8-branch revision 273027] (arm-none-eabi)
	compiled by GNU C version 4.2.1 Compatible Apple LLVM 9.0.0 (clang-900.0.39.2), GMP version 6.1.0, MPFR version 3.1.4, MPC version 1.0.3, isl version isl-0.18-GMP

GGC heuristics: --param ggc-min-expand=100 --param ggc-min-heapsize=131072
ignoring duplicate directory "/usr/local/gcc_arm/gcc-arm-none-eabi-8-2019-q3-update/bin/../lib/gcc/../../lib/gcc/arm-none-eabi/8.3.1/../../../../arm-none-eabi/include/c++/8.3.1"
ignoring duplicate directory "/usr/local/gcc_arm/gcc-arm-none-eabi-8-2019-q3-update/bin/../lib/gcc/../../lib/gcc/arm-none-eabi/8.3.1/../../../../arm-none-eabi/include/c++/8.3.1/arm-none-eabi"
ignoring duplicate directory "/usr/local/gcc_arm/gcc-arm-none-eabi-8-2019-q3-update/bin/../lib/gcc/../../lib/gcc/arm-none-eabi/8.3.1/../../../../arm-none-eabi/include/c++/8.3.1/backward"
ignoring duplicate directory "/usr/local/gcc_arm/gcc-arm-none-eabi-8-2019-q3-update/bin/../lib/gcc/../../lib/gcc/arm-none-eabi/8.3.1/include"
ignoring nonexistent directory "/usr/local/gcc_arm/gcc-arm-none-eabi-8-2019-q3-update/bin/../arm-none-eabi/usr/local/include"
ignoring duplicate directory "/usr/local/gcc_arm/gcc-arm-none-eabi-8-2019-q3-update/bin/../lib/gcc/../../lib/gcc/arm-none-eabi/8.3.1/include-fixed"
ignoring duplicate directory "/usr/local/gcc_arm/gcc-arm-none-eabi-8-2019-q3-update/bin/../lib/gcc/../../lib/gcc/arm-none-eabi/8.3.1/../../../../arm-none-eabi/include"
ignoring nonexistent directory "/usr/local/gcc_arm/gcc-arm-none-eabi-8-2019-q3-update/bin/../arm-none-eabi/usr/include"
#include "..." search starts here:
#include <...> search starts here:
 /usr/local/gcc_arm/gcc-arm-none-eabi-8-2019-q3-update/bin/../lib/gcc/arm-none-eabi/8.3.1/../../../../arm-none-eabi/include/c++/8.3.1
 /usr/local/gcc_arm/gcc-arm-none-eabi-8-2019-q3-update/bin/../lib/gcc/arm-none-eabi/8.3.1/../../../../arm-none-eabi/include/c++/8.3.1/arm-none-eabi
 /usr/local/gcc_arm/gcc-arm-none-eabi-8-2019-q3-update/bin/../lib/gcc/arm-none-eabi/8.3.1/../../../../arm-none-eabi/include/c++/8.3.1/backward
 /usr/local/gcc_arm/gcc-arm-none-eabi-8-2019-q3-update/bin/../lib/gcc/arm-none-eabi/8.3.1/include
 /usr/local/gcc_arm/gcc-arm-none-eabi-8-2019-q3-update/bin/../lib/gcc/arm-none-eabi/8.3.1/include-fixed
 /usr/local/gcc_arm/gcc-arm-none-eabi-8-2019-q3-update/bin/../lib/gcc/arm-none-eabi/8.3.1/../../../../arm-none-eabi/include
End of search list.
GNU C++14 (GNU Tools for Arm Embedded Processors 8-2019-q3-update) version 8.3.1 20190703 (release) [gcc-8-branch revision 273027] (arm-none-eabi)
	compiled by GNU C version 4.2.1 Compatible Apple LLVM 9.0.0 (clang-900.0.39.2), GMP version 6.1.0, MPFR version 3.1.4, MPC version 1.0.3, isl version isl-0.18-GMP

GGC heuristics: --param ggc-min-expand=100 --param ggc-min-heapsize=131072
Compiler executable checksum: abc95bb7559b5ee5ecbff6da3be4e427
COLLECT_GCC_OPTIONS='-v' '-o' 'CMakeFiles/cmTC_1de05.dir/CMakeCXXCompilerABI.cpp.obj' '-c' '-mcpu=arm7tdmi' '-mfloat-abi=soft' '-marm' '-march=armv4t'
 /usr/local/gcc_arm/gcc-arm-none-eabi-8-2019-q3-update/bin/../lib/gcc/arm-none-eabi/8.3.1/../../../../arm-none-eabi/bin/as -v -march=armv4t -mfloat-abi=soft -meabi=5 -o CMakeFiles/cmTC_1de05.dir/CMakeCXXCompilerABI.cpp.obj /var/folders/ps/3pjtlk6d4c3165q_258fym0r0000gn/T//ccEEmQIo.s
GNU assembler version 2.32.0 (arm-none-eabi) using BFD version (GNU Tools for Arm Embedded Processors 8-2019-q3-update) 2.32.0.20190703
COMPILER_PATH=/usr/local/gcc_arm/gcc-arm-none-eabi-8-2019-q3-update/bin/../lib/gcc/arm-none-eabi/8.3.1/:/usr/local/gcc_arm/gcc-arm-none-eabi-8-2019-q3-update/bin/../lib/gcc/:/usr/local/gcc_arm/gcc-arm-none-eabi-8-2019-q3-update/bin/../lib/gcc/arm-none-eabi/8.3.1/../../../../arm-none-eabi/bin/
LIBRARY_PATH=/usr/local/gcc_arm/gcc-arm-none-eabi-8-2019-q3-update/bin/../lib/gcc/arm-none-eabi/8.3.1/:/usr/local/gcc_arm/gcc-arm-none-eabi-8-2019-q3-update/bin/../lib/gcc/:/usr/local/gcc_arm/gcc-arm-none-eabi-8-2019-q3-update/bin/../lib/gcc/arm-none-eabi/8.3.1/../../../../arm-none-eabi/lib/:/usr/local/gcc_arm/gcc-arm-none-eabi-8-2019-q3-update/bin/../arm-none-eabi/lib/
COLLECT_GCC_OPTIONS='-v' '-o' 'CMakeFiles/cmTC_1de05.dir/CMakeCXXCompilerABI.cpp.obj' '-c' '-mcpu=arm7tdmi' '-mfloat-abi=soft' '-marm' '-march=armv4t'
Linking CXX static library libcmTC_1de05.a
/Applications/CLion.app/Contents/bin/cmake/mac/bin/cmake -P CMakeFiles/cmTC_1de05.dir/cmake_clean_target.cmake
/Applications/CLion.app/Contents/bin/cmake/mac/bin/cmake -E cmake_link_script CMakeFiles/cmTC_1de05.dir/link.txt --verbose=1
arm-none-eabi-ar qc libcmTC_1de05.a  CMakeFiles/cmTC_1de05.dir/CMakeCXXCompilerABI.cpp.obj
/usr/local/gcc_arm/gcc-arm-none-eabi-8-2019-q3-update/bin/arm-none-eabi-ranlib libcmTC_1de05.a



Parsed CXX implicit include dir info from above output: rv=done
  found start of include info
  found start of implicit include info
    add: [/usr/local/gcc_arm/gcc-arm-none-eabi-8-2019-q3-update/bin/../lib/gcc/arm-none-eabi/8.3.1/../../../../arm-none-eabi/include/c++/8.3.1]
    add: [/usr/local/gcc_arm/gcc-arm-none-eabi-8-2019-q3-update/bin/../lib/gcc/arm-none-eabi/8.3.1/../../../../arm-none-eabi/include/c++/8.3.1/arm-none-eabi]
    add: [/usr/local/gcc_arm/gcc-arm-none-eabi-8-2019-q3-update/bin/../lib/gcc/arm-none-eabi/8.3.1/../../../../arm-none-eabi/include/c++/8.3.1/backward]
    add: [/usr/local/gcc_arm/gcc-arm-none-eabi-8-2019-q3-update/bin/../lib/gcc/arm-none-eabi/8.3.1/include]
    add: [/usr/local/gcc_arm/gcc-arm-none-eabi-8-2019-q3-update/bin/../lib/gcc/arm-none-eabi/8.3.1/include-fixed]
    add: [/usr/local/gcc_arm/gcc-arm-none-eabi-8-2019-q3-update/bin/../lib/gcc/arm-none-eabi/8.3.1/../../../../arm-none-eabi/include]
  end of search list found
  collapse include dir [/usr/local/gcc_arm/gcc-arm-none-eabi-8-2019-q3-update/bin/../lib/gcc/arm-none-eabi/8.3.1/../../../../arm-none-eabi/include/c++/8.3.1] ==> [/usr/local/gcc_arm/gcc-arm-none-eabi-8-2019-q3-update/arm-none-eabi/include/c++/8.3.1]
  collapse include dir [/usr/local/gcc_arm/gcc-arm-none-eabi-8-2019-q3-update/bin/../lib/gcc/arm-none-eabi/8.3.1/../../../../arm-none-eabi/include/c++/8.3.1/arm-none-eabi] ==> [/usr/local/gcc_arm/gcc-arm-none-eabi-8-2019-q3-update/arm-none-eabi/include/c++/8.3.1/arm-none-eabi]
  collapse include dir [/usr/local/gcc_arm/gcc-arm-none-eabi-8-2019-q3-update/bin/../lib/gcc/arm-none-eabi/8.3.1/../../../../arm-none-eabi/include/c++/8.3.1/backward] ==> [/usr/local/gcc_arm/gcc-arm-none-eabi-8-2019-q3-update/arm-none-eabi/include/c++/8.3.1/backward]
  collapse include dir [/usr/local/gcc_arm/gcc-arm-none-eabi-8-2019-q3-update/bin/../lib/gcc/arm-none-eabi/8.3.1/include] ==> [/usr/local/gcc_arm/gcc-arm-none-eabi-8-2019-q3-update/lib/gcc/arm-none-eabi/8.3.1/include]
  collapse include dir [/usr/local/gcc_arm/gcc-arm-none-eabi-8-2019-q3-update/bin/../lib/gcc/arm-none-eabi/8.3.1/include-fixed] ==> [/usr/local/gcc_arm/gcc-arm-none-eabi-8-2019-q3-update/lib/gcc/arm-none-eabi/8.3.1/include-fixed]
  collapse include dir [/usr/local/gcc_arm/gcc-arm-none-eabi-8-2019-q3-update/bin/../lib/gcc/arm-none-eabi/8.3.1/../../../../arm-none-eabi/include] ==> [/usr/local/gcc_arm/gcc-arm-none-eabi-8-2019-q3-update/arm-none-eabi/include]
  implicit include dirs: [/usr/local/gcc_arm/gcc-arm-none-eabi-8-2019-q3-update/arm-none-eabi/include/c++/8.3.1;/usr/local/gcc_arm/gcc-arm-none-eabi-8-2019-q3-update/arm-none-eabi/include/c++/8.3.1/arm-none-eabi;/usr/local/gcc_arm/gcc-arm-none-eabi-8-2019-q3-update/arm-none-eabi/include/c++/8.3.1/backward;/usr/local/gcc_arm/gcc-arm-none-eabi-8-2019-q3-update/lib/gcc/arm-none-eabi/8.3.1/include;/usr/local/gcc_arm/gcc-arm-none-eabi-8-2019-q3-update/lib/gcc/arm-none-eabi/8.3.1/include-fixed;/usr/local/gcc_arm/gcc-arm-none-eabi-8-2019-q3-update/arm-none-eabi/include]


Parsed CXX implicit link information from above output:
  link line regex: [^( *|.*[/\])(arm-none-eabi-ld|CMAKE_LINK_STARTFILE-NOTFOUND|([^/\]+-)?ld|collect2)[^/\]*( |$)]
  ignore line: [Change Dir: /Users/matiasinsauarralde/CLionProjects/final_embebidos_v2/cmake-build-debug/CMakeFiles/CMakeTmp]
  ignore line: []
  ignore line: [Run Build Command(s):/usr/bin/make cmTC_1de05/fast && /Applications/Xcode.app/Contents/Developer/usr/bin/make  -f CMakeFiles/cmTC_1de05.dir/build.make CMakeFiles/cmTC_1de05.dir/build]
  ignore line: [Building CXX object CMakeFiles/cmTC_1de05.dir/CMakeCXXCompilerABI.cpp.obj]
  ignore line: [/usr/local/gcc_arm/gcc-arm-none-eabi-8-2019-q3-update/bin/arm-none-eabi-g++    -v -o CMakeFiles/cmTC_1de05.dir/CMakeCXXCompilerABI.cpp.obj -c /Applications/CLion.app/Contents/bin/cmake/mac/share/cmake-3.17/Modules/CMakeCXXCompilerABI.cpp]
  ignore line: [Using built-in specs.]
  ignore line: [COLLECT_GCC=/usr/local/gcc_arm/gcc-arm-none-eabi-8-2019-q3-update/bin/arm-none-eabi-g++]
  ignore line: [Target: arm-none-eabi]
  ignore line: [Configured with: /tmp/jenkins-GCC-8-build-toolchain-mac_LSF-72_20190704_1562200948/src/gcc/configure --target=arm-none-eabi --prefix=/tmp/jenkins-GCC-8-build-toolchain-mac_LSF-72_20190704_1562200948/install-native --libexecdir=/tmp/jenkins-GCC-8-build-toolchain-mac_LSF-72_20190704_1562200948/install-native/lib --infodir=/tmp/jenkins-GCC-8-build-toolchain-mac_LSF-72_20190704_1562200948/install-native/share/doc/gcc-arm-none-eabi/info --mandir=/tmp/jenkins-GCC-8-build-toolchain-mac_LSF-72_20190704_1562200948/install-native/share/doc/gcc-arm-none-eabi/man --htmldir=/tmp/jenkins-GCC-8-build-toolchain-mac_LSF-72_20190704_1562200948/install-native/share/doc/gcc-arm-none-eabi/html --pdfdir=/tmp/jenkins-GCC-8-build-toolchain-mac_LSF-72_20190704_1562200948/install-native/share/doc/gcc-arm-none-eabi/pdf --enable-languages=c,c++ --enable-plugins --disable-decimal-float --disable-libffi --disable-libgomp --disable-libmudflap --disable-libquadmath --disable-libssp --disable-libstdcxx-pch --disable-nls --disable-shared --disable-threads --disable-tls --with-gnu-as --with-gnu-ld --with-newlib --with-headers=yes --with-python-dir=share/gcc-arm-none-eabi --with-sysroot=/tmp/jenkins-GCC-8-build-toolchain-mac_LSF-72_20190704_1562200948/install-native/arm-none-eabi --build=x86_64-apple-darwin10 --host=x86_64-apple-darwin10 --with-gmp=/tmp/jenkins-GCC-8-build-toolchain-mac_LSF-72_20190704_1562200948/build-native/host-libs/usr --with-mpfr=/tmp/jenkins-GCC-8-build-toolchain-mac_LSF-72_20190704_1562200948/build-native/host-libs/usr --with-mpc=/tmp/jenkins-GCC-8-build-toolchain-mac_LSF-72_20190704_1562200948/build-native/host-libs/usr --with-isl=/tmp/jenkins-GCC-8-build-toolchain-mac_LSF-72_20190704_1562200948/build-native/host-libs/usr --with-libelf=/tmp/jenkins-GCC-8-build-toolchain-mac_LSF-72_20190704_1562200948/build-native/host-libs/usr --with-host-libstdcxx='-static-libgcc -Wl,-lstdc++ -lm' --with-pkgversion='GNU Tools for Arm Embedded Processors 8-2019-q3-update' --with-multilib-list=rmprofile]
  ignore line: [Thread model: single]
  ignore line: [gcc version 8.3.1 20190703 (release) [gcc-8-branch revision 273027] (GNU Tools for Arm Embedded Processors 8-2019-q3-update) ]
  ignore line: [COLLECT_GCC_OPTIONS='-v' '-o' 'CMakeFiles/cmTC_1de05.dir/CMakeCXXCompilerABI.cpp.obj' '-c' '-mcpu=arm7tdmi' '-mfloat-abi=soft' '-marm' '-march=armv4t']
  ignore line: [ /usr/local/gcc_arm/gcc-arm-none-eabi-8-2019-q3-update/bin/../lib/gcc/arm-none-eabi/8.3.1/cc1plus -quiet -v -iprefix /usr/local/gcc_arm/gcc-arm-none-eabi-8-2019-q3-update/bin/../lib/gcc/arm-none-eabi/8.3.1/ -isysroot /usr/local/gcc_arm/gcc-arm-none-eabi-8-2019-q3-update/bin/../arm-none-eabi -D__USES_INITFINI__ /Applications/CLion.app/Contents/bin/cmake/mac/share/cmake-3.17/Modules/CMakeCXXCompilerABI.cpp -quiet -dumpbase CMakeCXXCompilerABI.cpp -mcpu=arm7tdmi -mfloat-abi=soft -marm -march=armv4t -auxbase-strip CMakeFiles/cmTC_1de05.dir/CMakeCXXCompilerABI.cpp.obj -version -o /var/folders/ps/3pjtlk6d4c3165q_258fym0r0000gn/T//ccEEmQIo.s]
  ignore line: [GNU C++14 (GNU Tools for Arm Embedded Processors 8-2019-q3-update) version 8.3.1 20190703 (release) [gcc-8-branch revision 273027] (arm-none-eabi)]
  ignore line: [	compiled by GNU C version 4.2.1 Compatible Apple LLVM 9.0.0 (clang-900.0.39.2)  GMP version 6.1.0  MPFR version 3.1.4  MPC version 1.0.3  isl version isl-0.18-GMP]
  ignore line: []
  ignore line: [GGC heuristics: --param ggc-min-expand=100 --param ggc-min-heapsize=131072]
  ignore line: [ignoring duplicate directory "/usr/local/gcc_arm/gcc-arm-none-eabi-8-2019-q3-update/bin/../lib/gcc/../../lib/gcc/arm-none-eabi/8.3.1/../../../../arm-none-eabi/include/c++/8.3.1"]
  ignore line: [ignoring duplicate directory "/usr/local/gcc_arm/gcc-arm-none-eabi-8-2019-q3-update/bin/../lib/gcc/../../lib/gcc/arm-none-eabi/8.3.1/../../../../arm-none-eabi/include/c++/8.3.1/arm-none-eabi"]
  ignore line: [ignoring duplicate directory "/usr/local/gcc_arm/gcc-arm-none-eabi-8-2019-q3-update/bin/../lib/gcc/../../lib/gcc/arm-none-eabi/8.3.1/../../../../arm-none-eabi/include/c++/8.3.1/backward"]
  ignore line: [ignoring duplicate directory "/usr/local/gcc_arm/gcc-arm-none-eabi-8-2019-q3-update/bin/../lib/gcc/../../lib/gcc/arm-none-eabi/8.3.1/include"]
  ignore line: [ignoring nonexistent directory "/usr/local/gcc_arm/gcc-arm-none-eabi-8-2019-q3-update/bin/../arm-none-eabi/usr/local/include"]
  ignore line: [ignoring duplicate directory "/usr/local/gcc_arm/gcc-arm-none-eabi-8-2019-q3-update/bin/../lib/gcc/../../lib/gcc/arm-none-eabi/8.3.1/include-fixed"]
  ignore line: [ignoring duplicate directory "/usr/local/gcc_arm/gcc-arm-none-eabi-8-2019-q3-update/bin/../lib/gcc/../../lib/gcc/arm-none-eabi/8.3.1/../../../../arm-none-eabi/include"]
  ignore line: [ignoring nonexistent directory "/usr/local/gcc_arm/gcc-arm-none-eabi-8-2019-q3-update/bin/../arm-none-eabi/usr/include"]
  ignore line: [#include "..." search starts here:]
  ignore line: [#include <...> search starts here:]
  ignore line: [ /usr/local/gcc_arm/gcc-arm-none-eabi-8-2019-q3-update/bin/../lib/gcc/arm-none-eabi/8.3.1/../../../../arm-none-eabi/include/c++/8.3.1]
  ignore line: [ /usr/local/gcc_arm/gcc-arm-none-eabi-8-2019-q3-update/bin/../lib/gcc/arm-none-eabi/8.3.1/../../../../arm-none-eabi/include/c++/8.3.1/arm-none-eabi]
  ignore line: [ /usr/local/gcc_arm/gcc-arm-none-eabi-8-2019-q3-update/bin/../lib/gcc/arm-none-eabi/8.3.1/../../../../arm-none-eabi/include/c++/8.3.1/backward]
  ignore line: [ /usr/local/gcc_arm/gcc-arm-none-eabi-8-2019-q3-update/bin/../lib/gcc/arm-none-eabi/8.3.1/include]
  ignore line: [ /usr/local/gcc_arm/gcc-arm-none-eabi-8-2019-q3-update/bin/../lib/gcc/arm-none-eabi/8.3.1/include-fixed]
  ignore line: [ /usr/local/gcc_arm/gcc-arm-none-eabi-8-2019-q3-update/bin/../lib/gcc/arm-none-eabi/8.3.1/../../../../arm-none-eabi/include]
  ignore line: [End of search list.]
  ignore line: [GNU C++14 (GNU Tools for Arm Embedded Processors 8-2019-q3-update) version 8.3.1 20190703 (release) [gcc-8-branch revision 273027] (arm-none-eabi)]
  ignore line: [	compiled by GNU C version 4.2.1 Compatible Apple LLVM 9.0.0 (clang-900.0.39.2)  GMP version 6.1.0  MPFR version 3.1.4  MPC version 1.0.3  isl version isl-0.18-GMP]
  ignore line: []
  ignore line: [GGC heuristics: --param ggc-min-expand=100 --param ggc-min-heapsize=131072]
  ignore line: [Compiler executable checksum: abc95bb7559b5ee5ecbff6da3be4e427]
  ignore line: [COLLECT_GCC_OPTIONS='-v' '-o' 'CMakeFiles/cmTC_1de05.dir/CMakeCXXCompilerABI.cpp.obj' '-c' '-mcpu=arm7tdmi' '-mfloat-abi=soft' '-marm' '-march=armv4t']
  ignore line: [ /usr/local/gcc_arm/gcc-arm-none-eabi-8-2019-q3-update/bin/../lib/gcc/arm-none-eabi/8.3.1/../../../../arm-none-eabi/bin/as -v -march=armv4t -mfloat-abi=soft -meabi=5 -o CMakeFiles/cmTC_1de05.dir/CMakeCXXCompilerABI.cpp.obj /var/folders/ps/3pjtlk6d4c3165q_258fym0r0000gn/T//ccEEmQIo.s]
  ignore line: [GNU assembler version 2.32.0 (arm-none-eabi) using BFD version (GNU Tools for Arm Embedded Processors 8-2019-q3-update) 2.32.0.20190703]
  ignore line: [COMPILER_PATH=/usr/local/gcc_arm/gcc-arm-none-eabi-8-2019-q3-update/bin/../lib/gcc/arm-none-eabi/8.3.1/:/usr/local/gcc_arm/gcc-arm-none-eabi-8-2019-q3-update/bin/../lib/gcc/:/usr/local/gcc_arm/gcc-arm-none-eabi-8-2019-q3-update/bin/../lib/gcc/arm-none-eabi/8.3.1/../../../../arm-none-eabi/bin/]
  ignore line: [LIBRARY_PATH=/usr/local/gcc_arm/gcc-arm-none-eabi-8-2019-q3-update/bin/../lib/gcc/arm-none-eabi/8.3.1/:/usr/local/gcc_arm/gcc-arm-none-eabi-8-2019-q3-update/bin/../lib/gcc/:/usr/local/gcc_arm/gcc-arm-none-eabi-8-2019-q3-update/bin/../lib/gcc/arm-none-eabi/8.3.1/../../../../arm-none-eabi/lib/:/usr/local/gcc_arm/gcc-arm-none-eabi-8-2019-q3-update/bin/../arm-none-eabi/lib/]
  ignore line: [COLLECT_GCC_OPTIONS='-v' '-o' 'CMakeFiles/cmTC_1de05.dir/CMakeCXXCompilerABI.cpp.obj' '-c' '-mcpu=arm7tdmi' '-mfloat-abi=soft' '-marm' '-march=armv4t']
  ignore line: [Linking CXX static library libcmTC_1de05.a]
  ignore line: [/Applications/CLion.app/Contents/bin/cmake/mac/bin/cmake -P CMakeFiles/cmTC_1de05.dir/cmake_clean_target.cmake]
  ignore line: [/Applications/CLion.app/Contents/bin/cmake/mac/bin/cmake -E cmake_link_script CMakeFiles/cmTC_1de05.dir/link.txt --verbose=1]
  ignore line: [arm-none-eabi-ar qc libcmTC_1de05.a  CMakeFiles/cmTC_1de05.dir/CMakeCXXCompilerABI.cpp.obj]
  ignore line: [/usr/local/gcc_arm/gcc-arm-none-eabi-8-2019-q3-update/bin/arm-none-eabi-ranlib libcmTC_1de05.a]
  ignore line: []
  ignore line: []
  implicit libs: []
  implicit dirs: []
  implicit fwks: []


